0 info it worked if it ends with ok
1 verbose cli [ 'C:\\Program Files\\nodejs\\node.exe',
1 verbose cli   'C:\\Users\\user\\AppData\\Roaming\\npm\\node_modules\\npm\\bin\\npm-cli.js',
1 verbose cli   'start' ]
2 info using npm@3.10.8
3 info using node@v6.8.1
4 verbose run-script [ 'prestart', 'start', 'poststart' ]
5 info lifecycle 07@0.0.1~prestart: 07@0.0.1
6 silly lifecycle 07@0.0.1~prestart: no script for prestart, continuing
7 info lifecycle 07@0.0.1~start: 07@0.0.1
8 verbose lifecycle 07@0.0.1~start: unsafe-perm in lifecycle true
9 verbose lifecycle 07@0.0.1~start: PATH: C:\Users\user\AppData\Roaming\npm\node_modules\npm\bin\node-gyp-bin;C:\EasyPHP\eds-www\ANGULARJSNODEJS\AngularJS\10projects_udmy\07\node_modules\.bin;C:\Users\user\bin;C:\Program Files (x86)\Git\mingw32\bin;C:\Program Files (x86)\Git\usr\local\bin;C:\Program Files (x86)\Git\usr\bin;C:\Program Files (x86)\Git\usr\bin;C:\Program Files (x86)\Git\mingw32\bin;C:\Program Files (x86)\Git\usr\bin;C:\Users\user\bin;C:\ProgramData\Oracle\Java\javapath;C:\Program Files\Java\jdk1.8.0_45\bin;C:\Program Files (x86)\Common Files\Intel\Shared Libraries\redist\intel64\compiler;C:\Windows\system32;C:\Windows;C:\Windows\System32\Wbem;C:\Windows\System32\WindowsPowerShell\v1.0;C:\EasyPHP\eds-binaries\php\php5617x160303101702;C:\Program Files\Java\jdk1.8.0_45;C:\android\sdk\platform-tools;C:\android\sdk\tools;C:\android\apache-ant-1.9.6\bin;C:\Program Files\MySQL\MySQL Utilities 1.6;C:\Program Files (x86)\Skype\Phone;C:\Program Files\nodejs;C:\Program Files\Java\jre1.8.0_111\bin;C:\Program Files (x86)\Heroku\bin;C:\Program Files (x86)\git\cmd;C:\Program Files (x86)\Git\cmd;C:\Program Files\Java\jre1.8.0_111;C:\Program Files\Java\jre1.8.0_111\bin;C:\Users\user\AppData\Roaming\npm;C:\Program Files\Docker Toolbox;C:\Program Files (x86)\Git\usr\bin\vendor_perl;C:\Program Files (x86)\Git\usr\bin\core_perl
10 verbose lifecycle 07@0.0.1~start: CWD: C:\EasyPHP\eds-www\ANGULARJSNODEJS\AngularJS\10projects_udmy\07
11 silly lifecycle 07@0.0.1~start: Args: [ '/d /s /c', 'node ./bin/www' ]
12 silly lifecycle 07@0.0.1~start: Returned: code: 1  signal: null
13 info lifecycle 07@0.0.1~start: Failed to exec start script
14 verbose stack Error: 07@0.0.1 start: `node ./bin/www`
14 verbose stack Exit status 1
14 verbose stack     at EventEmitter.<anonymous> (C:\Users\user\AppData\Roaming\npm\node_modules\npm\lib\utils\lifecycle.js:255:16)
14 verbose stack     at emitTwo (events.js:106:13)
14 verbose stack     at EventEmitter.emit (events.js:191:7)
14 verbose stack     at ChildProcess.<anonymous> (C:\Users\user\AppData\Roaming\npm\node_modules\npm\lib\utils\spawn.js:40:14)
14 verbose stack     at emitTwo (events.js:106:13)
14 verbose stack     at ChildProcess.emit (events.js:191:7)
14 verbose stack     at maybeClose (internal/child_process.js:877:16)
14 verbose stack     at Process.ChildProcess._handle.onexit (internal/child_process.js:226:5)
15 verbose pkgid 07@0.0.1
16 verbose cwd C:\EasyPHP\eds-www\ANGULARJSNODEJS\AngularJS\10projects_udmy\07
17 error Windows_NT 6.1.7600
18 error argv "C:\\Program Files\\nodejs\\node.exe" "C:\\Users\\user\\AppData\\Roaming\\npm\\node_modules\\npm\\bin\\npm-cli.js" "start"
19 error node v6.8.1
20 error npm  v3.10.8
21 error code ELIFECYCLE
22 error 07@0.0.1 start: `node ./bin/www`
22 error Exit status 1
23 error Failed at the 07@0.0.1 start script 'node ./bin/www'.
23 error Make sure you have the latest version of node.js and npm installed.
23 error If you do, this is most likely a problem with the 07 package,
23 error not with npm itself.
23 error Tell the author that this fails on your system:
23 error     node ./bin/www
23 error You can get information on how to open an issue for this project with:
23 error     npm bugs 07
23 error Or if that isn't available, you can get their info via:
23 error     npm owner ls 07
23 error There is likely additional logging output above.
24 verbose exit [ 1, true ]
